2022-10-14 08:01:48,800 [INFO] Activator:177 - 


2022-10-14 08:01:48,801 [INFO] Activator:178 - !SESSION log4j initialized
2022-10-14 08:01:51,611 [INFO] McuFinderGlobals:44 - Set McuFinder mode to 2 (CubeIDE integrated)
2022-10-14 08:01:52,836 [INFO] ApplicationProperties:181 - Using Application install path: C:\ST\STM32CubeIDE_1.7.0\STM32CubeIDE\plugins\com.st.stm32cube.common.mx_6.6.1.202207061420
2022-10-14 08:01:52,854 [INFO] DbMcusXml:77 - Set database path to: C:\ST\STM32CubeIDE_1.7.0\STM32CubeIDE\plugins\com.st.stm32cube.common.mx_6.6.1.202207061420\\db\/mcu/
2022-10-14 08:01:52,854 [INFO] ApiDb:269 - Set plugin database path to: C:\ST\STM32CubeIDE_1.7.0\STM32CubeIDE\plugins\com.st.stm32cube.common.mx_6.6.1.202207061420\\db\/plugins/boardmanager/
2022-10-14 08:01:52,856 [WARN] ApiDb:254 - Overriding images path with different value:  => C:\ST\STM32CubeIDE_1.7.0\STM32CubeIDE\plugins\com.st.stm32cube.common.mx_6.6.1.202207061420\\db\/plugins/mcufinder/images/
2022-10-14 08:01:52,871 [INFO] ApiDb:249 - Set database path to: C:\Users\legolas\.stmcufinder\plugins\mcufinder//mcu/
2022-10-14 08:01:52,873 [INFO] DbMcusAds:124 - Set database path to: C:\Users\legolas\.stmcufinder\plugins\mcufinder//mcu/
2022-10-14 08:01:52,875 [INFO] CrossReferenceDbSqlite:201 - Set database path to: C:\Users\legolas\.stmcufinder\plugins\mcufinder//mcu/cs/
2022-10-14 08:01:52,981 [INFO] RulesReader:61 - Compatibility file has been processed (282 Rules)
2022-10-14 08:01:53,070 [INFO] DbMcusXml:77 - Set database path to: C:\ST\STM32CubeIDE_1.7.0\STM32CubeIDE\plugins\com.st.stm32cube.common.mx_6.6.1.202207061420\\db\/mcu/
2022-10-14 08:01:53,071 [INFO] ApiDb:269 - Set plugin database path to: C:\ST\STM32CubeIDE_1.7.0\STM32CubeIDE\plugins\com.st.stm32cube.common.mx_6.6.1.202207061420\\db\/plugins/boardmanager/
2022-10-14 08:01:53,071 [INFO] ApiDb:256 - Set plugin images path to: C:\ST\STM32CubeIDE_1.7.0\STM32CubeIDE\plugins\com.st.stm32cube.common.mx_6.6.1.202207061420\\db\/plugins/mcufinder/images/
2022-10-14 08:01:53,072 [WARN] DbFile:40 - Overriding database path with different value: C:\Users\legolas\.stmcufinder\plugins\mcufinder/ => C:\Users\legolas\.stmcufinder\plugins\mcufinder
2022-10-14 08:01:53,072 [INFO] ApiDb:249 - Set database path to: C:\Users\legolas\.stmcufinder\plugins\mcufinder//mcu/
2022-10-14 08:01:53,072 [WARN] DbFile:40 - Overriding database path with different value: C:\Users\legolas\.stmcufinder\plugins\mcufinder/ => C:\Users\legolas\.stmcufinder\plugins\mcufinder
2022-10-14 08:01:53,072 [INFO] DbMcusAds:124 - Set database path to: C:\Users\legolas\.stmcufinder\plugins\mcufinder//mcu/
2022-10-14 08:01:53,074 [WARN] DbFile:40 - Overriding database path with different value: C:\Users\legolas\.stmcufinder\plugins\mcufinder/ => C:\Users\legolas\.stmcufinder\plugins\mcufinder
2022-10-14 08:01:53,074 [WARN] DbFile:40 - Overriding database path with different value: C:\Users\legolas\.stmcufinder\plugins\mcufinder/ => C:\Users\legolas\.stmcufinder\plugins\mcufinder
2022-10-14 08:01:53,074 [INFO] CrossReferenceDbSqlite:201 - Set database path to: C:\Users\legolas\.stmcufinder\plugins\mcufinder//mcu/cs/
2022-10-14 08:01:53,159 [INFO] MainPanel:242 - HeapMemory: 268435456
2022-10-14 08:01:53,249 [INFO] DbMcusXml:77 - Set database path to: C:\ST\STM32CubeIDE_1.7.0\STM32CubeIDE\plugins\com.st.stm32cube.common.mx_6.6.1.202207061420\\db\/mcu/
2022-10-14 08:01:53,249 [INFO] ApiDb:269 - Set plugin database path to: C:\ST\STM32CubeIDE_1.7.0\STM32CubeIDE\plugins\com.st.stm32cube.common.mx_6.6.1.202207061420\\db\/plugins/boardmanager/
2022-10-14 08:01:53,249 [INFO] ApiDb:256 - Set plugin images path to: C:\ST\STM32CubeIDE_1.7.0\STM32CubeIDE\plugins\com.st.stm32cube.common.mx_6.6.1.202207061420\\db\/plugins/mcufinder/images/
2022-10-14 08:01:53,249 [WARN] DbFile:40 - Overriding database path with different value: C:\Users\legolas\.stmcufinder\plugins\mcufinder/ => C:\Users\legolas\.stmcufinder\plugins\mcufinder
2022-10-14 08:01:53,250 [INFO] ApiDb:249 - Set database path to: C:\Users\legolas\.stmcufinder\plugins\mcufinder//mcu/
2022-10-14 08:01:53,250 [WARN] DbFile:40 - Overriding database path with different value: C:\Users\legolas\.stmcufinder\plugins\mcufinder/ => C:\Users\legolas\.stmcufinder\plugins\mcufinder
2022-10-14 08:01:53,250 [INFO] DbMcusAds:124 - Set database path to: C:\Users\legolas\.stmcufinder\plugins\mcufinder//mcu/
2022-10-14 08:01:53,250 [WARN] DbFile:40 - Overriding database path with different value: C:\Users\legolas\.stmcufinder\plugins\mcufinder/ => C:\Users\legolas\.stmcufinder\plugins\mcufinder
2022-10-14 08:01:53,250 [WARN] DbFile:40 - Overriding database path with different value: C:\Users\legolas\.stmcufinder\plugins\mcufinder/ => C:\Users\legolas\.stmcufinder\plugins\mcufinder
2022-10-14 08:01:53,251 [INFO] CrossReferenceDbSqlite:201 - Set database path to: C:\Users\legolas\.stmcufinder\plugins\mcufinder//mcu/cs/
2022-10-14 08:01:53,268 [INFO] ApplicationProperties:181 - Using Application install path: C:\ST\STM32CubeIDE_1.7.0\STM32CubeIDE\plugins\com.st.stm32cube.common.mx_6.6.1.202207061420
2022-10-14 08:01:53,270 [INFO] PluginManage:193 - Search for loadable plugins [exclusion list=, ]
2022-10-14 08:01:53,271 [INFO] PluginManage:307 - Check plugin analytics
2022-10-14 08:01:57,957 [INFO] AnalyticsPlugin:262 - Accepted Software Licenses: 
2022-10-14 08:01:57,958 [INFO] AnalyticsPlugin:264 - Accepted CMSIS Pack Licenses: 
2022-10-14 08:01:57,959 [INFO] AnalyticsPlugin:266 - Accepted Firmware Licenses: 
2022-10-14 08:01:57,968 [INFO] PluginManage:356 - Loaded plugin analytics (category:tool,tabindex:-1)
2022-10-14 08:01:57,969 [INFO] PluginManage:307 - Check plugin cadmodel
2022-10-14 08:01:57,981 [INFO] CADModel:65 - Init CAD model plugin
2022-10-14 08:01:57,982 [INFO] PluginManage:356 - Loaded plugin cadmodel (category:power,tabindex:5)
2022-10-14 08:01:57,982 [INFO] PluginManage:307 - Check plugin clock
2022-10-14 08:01:58,005 [INFO] PluginManage:356 - Loaded plugin clock (category:base,tabindex:2)
2022-10-14 08:01:58,005 [INFO] PluginManage:307 - Check plugin ddr
2022-10-14 08:01:58,008 [INFO] PluginManage:356 - Loaded plugin ddr (category:tool,tabindex:6)
2022-10-14 08:01:58,008 [INFO] PluginManage:307 - Check plugin filemanager
2022-10-14 08:01:58,160 [INFO] PluginManage:356 - Loaded plugin filemanager (category:base,tabindex:10)
2022-10-14 08:01:58,160 [INFO] PluginManage:307 - Check plugin ipmanager
2022-10-14 08:01:58,169 [INFO] PluginManage:356 - Loaded plugin ipmanager (category:base,tabindex:5)
2022-10-14 08:01:58,169 [INFO] PluginManage:307 - Check plugin lpbam
2022-10-14 08:01:58,184 [INFO] PluginManage:356 - Loaded plugin lpbam (category:base,tabindex:0)
2022-10-14 08:01:58,184 [INFO] PluginManage:307 - Check plugin pinoutandconfiguration
2022-10-14 08:01:58,197 [INFO] PluginManage:356 - Loaded plugin pinoutandconfiguration (category:base,tabindex:1)
2022-10-14 08:01:58,197 [INFO] PluginManage:307 - Check plugin pinoutconfig
2022-10-14 08:01:58,234 [INFO] PluginManage:356 - Loaded plugin pinoutconfig (category:base,tabindex:0)
2022-10-14 08:01:58,235 [INFO] PluginManage:307 - Check plugin power
2022-10-14 08:01:58,250 [INFO] PluginManage:356 - Loaded plugin power (category:power,tabindex:4)
2022-10-14 08:01:58,250 [INFO] PluginManage:307 - Check plugin projectmanager
2022-10-14 08:01:58,266 [INFO] PluginManage:356 - Loaded plugin projectmanager (category:projectmanager,tabindex:3)
2022-10-14 08:01:58,266 [INFO] PluginManage:307 - Check plugin thirdparty
2022-10-14 08:01:58,481 [WARN] IntegrityCheckThread:82 - waiting for thirdparty lock release [integrity check]
2022-10-14 08:01:58,482 [INFO] IntegrityCheckThread:84 - entering critical section [integrity check]
2022-10-14 08:01:58,482 [INFO] PluginManage:356 - Loaded plugin thirdparty (category:base,tabindex:-1)
2022-10-14 08:01:58,483 [INFO] PluginManage:307 - Check plugin tools
2022-10-14 08:01:58,484 [INFO] ThirdPartyUpdaterWithRetryManager:70 - Updater plugin not ready yet. [1/15]
2022-10-14 08:01:58,505 [INFO] PluginManage:356 - Loaded plugin tools (category:base,tabindex:7)
2022-10-14 08:01:58,505 [INFO] PluginManage:307 - Check plugin tutovideos
2022-10-14 08:01:58,698 [INFO] PluginManage:356 - Loaded plugin tutovideos (category:base,tabindex:-1)
2022-10-14 08:01:58,699 [INFO] PluginManage:307 - Check plugin updater
2022-10-14 08:01:58,712 [INFO] PluginManage:356 - Loaded plugin updater (category:base,tabindex:12)
2022-10-14 08:01:58,713 [INFO] PluginManage:280 - PluginManage : Loaded plugins [15]
2022-10-14 08:01:58,951 [INFO] PinOutPanel:1468 - setPackage(No Configuration,No Configuration)
2022-10-14 08:01:59,020 [INFO] CADModel:98 - CPN selected for project level
2022-10-14 08:01:59,042 [INFO] IPUIPlugin:79 - create IPUIPlugin
2022-10-14 08:01:59,042 [INFO] PluginManager:217 - loadIPPluginJar : add adc
2022-10-14 08:01:59,069 [INFO] IPUIPlugin:79 - create IPUIPlugin
2022-10-14 08:01:59,069 [INFO] PluginManager:217 - loadIPPluginJar : add aes
2022-10-14 08:01:59,096 [INFO] IPUIPlugin:79 - create IPUIPlugin
2022-10-14 08:01:59,096 [INFO] PluginManager:217 - loadIPPluginJar : add can
2022-10-14 08:01:59,112 [INFO] IPUIPlugin:79 - create IPUIPlugin
2022-10-14 08:01:59,112 [INFO] PluginManager:217 - loadIPPluginJar : add comp
2022-10-14 08:01:59,134 [INFO] IPUIPlugin:79 - create IPUIPlugin
2022-10-14 08:01:59,134 [INFO] PluginManager:217 - loadIPPluginJar : add cryp
2022-10-14 08:01:59,154 [INFO] IPUIPlugin:79 - create IPUIPlugin
2022-10-14 08:01:59,154 [INFO] PluginManager:217 - loadIPPluginJar : add dfsdm
2022-10-14 08:01:59,166 [INFO] IPUIPlugin:79 - create IPUIPlugin
2022-10-14 08:01:59,166 [INFO] PluginManager:217 - loadIPPluginJar : add dma
2022-10-14 08:01:59,194 [INFO] IPUIPlugin:79 - create IPUIPlugin
2022-10-14 08:01:59,194 [INFO] PluginManager:217 - loadIPPluginJar : add dma3
2022-10-14 08:01:59,207 [INFO] IPUIPlugin:79 - create IPUIPlugin
2022-10-14 08:01:59,207 [INFO] PluginManager:217 - loadIPPluginJar : add fatfs
2022-10-14 08:01:59,241 [INFO] IPUIPlugin:79 - create IPUIPlugin
2022-10-14 08:01:59,241 [INFO] PluginManager:217 - loadIPPluginJar : add fmc
2022-10-14 08:01:59,253 [INFO] IPUIPlugin:79 - create IPUIPlugin
2022-10-14 08:01:59,253 [INFO] PluginManager:217 - loadIPPluginJar : add freertos
2022-10-14 08:01:59,266 [INFO] IPUIPlugin:79 - create IPUIPlugin
2022-10-14 08:01:59,266 [INFO] PluginManager:217 - loadIPPluginJar : add genericplugin
2022-10-14 08:01:59,329 [INFO] IPUIPlugin:79 - create IPUIPlugin
2022-10-14 08:01:59,329 [INFO] PluginManager:217 - loadIPPluginJar : add gfxmmu
2022-10-14 08:01:59,415 [INFO] IPUIPlugin:79 - create IPUIPlugin
2022-10-14 08:01:59,415 [INFO] PluginManager:217 - loadIPPluginJar : add gic
2022-10-14 08:01:59,425 [INFO] IPUIPlugin:79 - create IPUIPlugin
2022-10-14 08:01:59,425 [INFO] PluginManager:217 - loadIPPluginJar : add gpio
2022-10-14 08:01:59,483 [INFO] IPUIPlugin:79 - create IPUIPlugin
2022-10-14 08:01:59,483 [INFO] PluginManager:217 - loadIPPluginJar : add gtzc
2022-10-14 08:01:59,506 [INFO] IPUIPlugin:79 - create IPUIPlugin
2022-10-14 08:01:59,506 [INFO] PluginManager:217 - loadIPPluginJar : add hash
2022-10-14 08:01:59,540 [INFO] IPUIPlugin:79 - create IPUIPlugin
2022-10-14 08:01:59,541 [INFO] PluginManager:217 - loadIPPluginJar : add i2c
2022-10-14 08:01:59,566 [INFO] IPUIPlugin:79 - create IPUIPlugin
2022-10-14 08:01:59,567 [INFO] PluginManager:217 - loadIPPluginJar : add i2s
2022-10-14 08:01:59,648 [INFO] IPUIPlugin:79 - create IPUIPlugin
2022-10-14 08:01:59,648 [INFO] PluginManager:217 - loadIPPluginJar : add ipddr
2022-10-14 08:01:59,707 [INFO] IPUIPlugin:79 - create IPUIPlugin
2022-10-14 08:01:59,707 [INFO] PluginManager:217 - loadIPPluginJar : add linkedlist
2022-10-14 08:01:59,730 [INFO] IPUIPlugin:79 - create IPUIPlugin
2022-10-14 08:01:59,730 [INFO] PluginManager:217 - loadIPPluginJar : add lorawan
2022-10-14 08:01:59,753 [INFO] IPUIPlugin:79 - create IPUIPlugin
2022-10-14 08:01:59,753 [INFO] PluginManager:217 - loadIPPluginJar : add ltdc
2022-10-14 08:01:59,764 [INFO] IPUIPlugin:79 - create IPUIPlugin
2022-10-14 08:01:59,764 [INFO] PluginManager:217 - loadIPPluginJar : add mdma
2022-10-14 08:01:59,773 [INFO] IPUIPlugin:79 - create IPUIPlugin
2022-10-14 08:01:59,773 [INFO] PluginManager:217 - loadIPPluginJar : add nvic
2022-10-14 08:01:59,796 [INFO] IPUIPlugin:79 - create IPUIPlugin
2022-10-14 08:01:59,796 [INFO] PluginManager:217 - loadIPPluginJar : add opamp
2022-10-14 08:01:59,836 [INFO] IPUIPlugin:79 - create IPUIPlugin
2022-10-14 08:01:59,836 [INFO] PluginManager:217 - loadIPPluginJar : add openamp
2022-10-14 08:01:59,864 [INFO] IPUIPlugin:79 - create IPUIPlugin
2022-10-14 08:01:59,864 [INFO] PluginManager:217 - loadIPPluginJar : add pdm2pcm
2022-10-14 08:01:59,875 [INFO] IPUIPlugin:79 - create IPUIPlugin
2022-10-14 08:01:59,878 [INFO] PluginManager:217 - loadIPPluginJar : add plateformsettings
2022-10-14 08:01:59,893 [INFO] IPUIPlugin:79 - create IPUIPlugin
2022-10-14 08:01:59,893 [INFO] PluginManager:217 - loadIPPluginJar : add quadspi
2022-10-14 08:01:59,904 [INFO] IPUIPlugin:79 - create IPUIPlugin
2022-10-14 08:01:59,904 [INFO] PluginManager:217 - loadIPPluginJar : add resmgrutility
2022-10-14 08:01:59,940 [INFO] IPUIPlugin:79 - create IPUIPlugin
2022-10-14 08:01:59,940 [INFO] PluginManager:217 - loadIPPluginJar : add sai
2022-10-14 08:01:59,965 [INFO] IPUIPlugin:79 - create IPUIPlugin
2022-10-14 08:01:59,965 [INFO] PluginManager:217 - loadIPPluginJar : add spi
2022-10-14 08:02:00,007 [INFO] IPUIPlugin:79 - create IPUIPlugin
2022-10-14 08:02:00,007 [INFO] PluginManager:217 - loadIPPluginJar : add stm32_wpan
2022-10-14 08:02:00,024 [INFO] IPUIPlugin:79 - create IPUIPlugin
2022-10-14 08:02:00,024 [INFO] PluginManager:217 - loadIPPluginJar : add tim
2022-10-14 08:02:00,062 [INFO] IPUIPlugin:79 - create IPUIPlugin
2022-10-14 08:02:00,062 [INFO] PluginManager:217 - loadIPPluginJar : add touchsensing
2022-10-14 08:02:00,078 [INFO] IPUIPlugin:79 - create IPUIPlugin
2022-10-14 08:02:00,078 [INFO] PluginManager:217 - loadIPPluginJar : add tracer_emb
2022-10-14 08:02:00,094 [INFO] IPUIPlugin:79 - create IPUIPlugin
2022-10-14 08:02:00,094 [INFO] PluginManager:217 - loadIPPluginJar : add ts
2022-10-14 08:02:00,109 [INFO] IPUIPlugin:79 - create IPUIPlugin
2022-10-14 08:02:00,109 [INFO] PluginManager:217 - loadIPPluginJar : add tsc
2022-10-14 08:02:00,123 [INFO] IPUIPlugin:79 - create IPUIPlugin
2022-10-14 08:02:00,123 [INFO] PluginManager:217 - loadIPPluginJar : add ucpd
2022-10-14 08:02:00,152 [INFO] IPUIPlugin:79 - create IPUIPlugin
2022-10-14 08:02:00,152 [INFO] PluginManager:217 - loadIPPluginJar : add usart
2022-10-14 08:02:00,182 [INFO] IPUIPlugin:79 - create IPUIPlugin
2022-10-14 08:02:00,183 [INFO] PluginManager:217 - loadIPPluginJar : add usbx
2022-10-14 08:02:00,444 [FATAL] Updater:301 - Updater called before beeing initialized
2022-10-14 08:02:00,549 [FATAL] Updater:301 - Updater called before beeing initialized
2022-10-14 08:02:00,561 [INFO] DbMcusAds:52 - JSON generation date=Thu Sep 30 13:55:09 GMT+07:00 2021 (1632984909247)
2022-10-14 08:02:00,561 [FATAL] Updater:301 - Updater called before beeing initialized
2022-10-14 08:02:00,596 [WARN] DetailPanel:344 - Failed to get advertising image, set to default
2022-10-14 08:02:00,708 [FATAL] Updater:301 - Updater called before beeing initialized
2022-10-14 08:02:00,710 [FATAL] Updater:301 - Updater called before beeing initialized
2022-10-14 08:02:00,710 [FATAL] Updater:301 - Updater called before beeing initialized
2022-10-14 08:02:00,710 [WARN] DetailPanel:344 - Failed to get advertising image, set to default
2022-10-14 08:02:00,711 [FATAL] Updater:301 - Updater called before beeing initialized
2022-10-14 08:02:00,760 [ERROR] Updater:1105 - MainUpdater not yet initialized. External WinMGr cannot be set.
2022-10-14 08:02:00,768 [INFO] Updater:1041 - Updater Version found : 6.6.1
2022-10-14 08:02:00,783 [INFO] ApplicationProperties:181 - Using Application install path: C:\ST\STM32CubeIDE_1.7.0\STM32CubeIDE\plugins\com.st.stm32cube.common.mx_6.6.1.202207061420
2022-10-14 08:02:00,896 [INFO] MainUpdater:2768 - connection check result : 10
2022-10-14 08:02:00,897 [INFO] MainUpdater:3453 - Updater definition file requires update
2022-10-14 08:02:00,898 [INFO] MainUpdater:280 - Updater Check For Update Now.
2022-10-14 08:02:00,899 [INFO] MicroXplorer:481 - Change Database Version : DB.6.0.60
2022-10-14 08:02:00,985 [INFO] ServerAccessManage:474 - Download File updaters.zip
2022-10-14 08:02:01,055 [INFO] FileExtend:239 - Unzip File : updaters.zip
2022-10-14 08:02:01,055 [INFO] FileExtend:254 - Standard Zip Deflate
2022-10-14 08:02:01,485 [WARN] MainUpdater:1184 - Updater busy. Cannot search thirdparties
2022-10-14 08:02:01,485 [INFO] ThirdPartyUpdaterWithRetryManager:96 - Updater plugin is busy. [1/15]
2022-10-14 08:02:01,601 [INFO] ServerAccessManage:474 - Download File PacksControlFlags.xml
2022-10-14 08:02:01,732 [INFO] ServerAccessManage:474 - Download File cubemx.pidx
2022-10-14 08:02:02,152 [INFO] ServerAccessManage:474 - Download File STMicroelectronics.X-CUBE-BLEMGR.pdsc
2022-10-14 08:02:03,376 [WARN] PackLoader:242 - Cannot read IP mode file for STMicroelectronics.X-CUBE-BLEMGR.1.2.0
2022-10-14 08:02:03,384 [INFO] PopulateThirdPartyThread:64 - Ending populate Thread
2022-10-14 08:02:03,386 [INFO] ThirdParty:981 - CMSIS Pack Vendor :STMicroelectronics X-CUBE-BLEMGR 1.2.0
2022-10-14 08:02:03,387 [INFO] LoadServerUpdatesThread:367 - End of LoadServerUpdate Thread
2022-10-14 08:02:03,481 [INFO] CheckServerUpdateThread:119 - End of CheckServer Thread
2022-10-14 08:02:03,544 [INFO] MainUpdater:2768 - connection check result : 10
2022-10-14 08:02:03,563 [INFO] McuFinderGlobals:57 - Set McuFinderConnectedMode to true
2022-10-14 08:02:03,670 [INFO] ServerAccessManage:474 - Download File mcusAds.json._tmp_
2022-10-14 08:02:03,784 [INFO] LoadUrlFilesThread:150 - End of LoadUrlFiles Thread
2022-10-14 08:02:03,894 [INFO] ServerAccessManage:474 - Download File cube-finder-db.zip
2022-10-14 08:02:04,485 [WARN] MainUpdater:1184 - Updater busy. Cannot search thirdparties
2022-10-14 08:02:04,485 [INFO] ThirdPartyUpdaterWithRetryManager:96 - Updater plugin is busy. [2/15]
2022-10-14 08:02:07,486 [WARN] MainUpdater:1184 - Updater busy. Cannot search thirdparties
2022-10-14 08:02:07,486 [INFO] ThirdPartyUpdaterWithRetryManager:96 - Updater plugin is busy. [3/15]
2022-10-14 08:02:08,967 [INFO] FileExtend:239 - Unzip File : cube-finder-db.zip
2022-10-14 08:02:08,967 [INFO] FileExtend:254 - Standard Zip Deflate
2022-10-14 08:02:09,527 [INFO] LoadUrlFilesThread:150 - End of LoadUrlFiles Thread
2022-10-14 08:02:10,487 [WARN] MainUpdater:1184 - Updater busy. Cannot search thirdparties
2022-10-14 08:02:10,487 [INFO] ThirdPartyUpdaterWithRetryManager:96 - Updater plugin is busy. [4/15]
2022-10-14 08:02:10,843 [INFO] ServerAccessManage:474 - Download File crdb.zip
2022-10-14 08:02:12,378 [INFO] FileExtend:239 - Unzip File : crdb.zip
2022-10-14 08:02:12,379 [INFO] FileExtend:254 - Standard Zip Deflate
2022-10-14 08:02:12,503 [INFO] LoadUrlFilesThread:150 - End of LoadUrlFiles Thread
2022-10-14 08:02:12,611 [INFO] ServerAccessManage:474 - Download File tutoVideoDB.zip
2022-10-14 08:02:12,625 [INFO] FileExtend:239 - Unzip File : tutoVideoDB.zip
2022-10-14 08:02:12,625 [INFO] FileExtend:254 - Standard Zip Deflate
2022-10-14 08:02:12,744 [INFO] LoadUrlFilesThread:150 - End of LoadUrlFiles Thread
2022-10-14 08:02:12,751 [INFO] JxBrowserEngine:106 - Initiate JxBrowser Engine with user profile folder
2022-10-14 08:02:12,925 [ERROR] JxBrowserEngine:59 - Can't initiate JxBrowser engine com.teamdev.jxbrowser.engine.ChromiumBinariesExtractionException: Failed to extract Chromium binaries into C:\Users\legolas\.stm32cubemx\.jxbrowser\Chromium
2022-10-14 08:02:12,926 [WARN] DbFile:40 - Overriding database path with different value: C:\Users\legolas\.stmcufinder\plugins\mcufinder/ => C:\Users\legolas\.stmcufinder\plugins\mcufinder
2022-10-14 08:02:12,969 [INFO] ServerAccessManage:474 - Download File api_config.json
2022-10-14 08:02:13,075 [INFO] LoadUrlFilesThread:150 - End of LoadUrlFiles Thread
2022-10-14 08:02:13,076 [INFO] DbMcusAds:52 - JSON generation date=Thu Sep 30 13:55:09 GMT+07:00 2021 (1632984909265)
2022-10-14 08:02:13,091 [INFO] LoadUrlFilesThread:177 - End of LoadServerUrlFiles without Thread
2022-10-14 08:02:13,091 [INFO] TargetSelectorAdapter:228 - Refresh data is successful
2022-10-14 08:02:13,181 [INFO] ApiDb:576 - Connected to CubeFinder SQLite database (C:\Users\legolas\.stmcufinder\plugins\mcufinder\mcu\cube-finder-db.db)
2022-10-14 08:02:13,200 [INFO] ApiDb:663 - CubeFinder database Data Model version=2.1
2022-10-14 08:02:13,200 [INFO] ApiDb:664 - CubeFinder database Configuration version=3.0.32
2022-10-14 08:02:13,201 [INFO] ApiDb:665 - CubeFinder database generation date=2022-08-05 (1659688109)
2022-10-14 08:02:13,202 [INFO] ApiDb:666 - CubeFinder database FW Pack versions=[STM32Cube_FW_C0_V1.0.0, STM32Cube_FW_F4_V1.27.1, STM32Cube_FW_F7_V1.17.0, STM32Cube_FW_G0_V1.6.1, STM32Cube_FW_G4_V1.5.0, STM32Cube_FW_H7_V1.10.0, STM32Cube_FW_L5_V1.4.0, STM32Cube_FW_U5_V1.1.1, STM32Cube_FW_WB_V1.14.1, STM32Cube_FW_WL_V1.2.0, X-CUBE-ALGOBUILD_V1.3.0, X-CUBE-ALS_V1.0.1, X-CUBE-AZRTOS-F4_V1.1.0, X-CUBE-AZRTOS-F7_V1.1.0, X-CUBE-AZRTOS-G0_V1.1.0, X-CUBE-AZRTOS-G4_V1.0.0, X-CUBE-AZRTOS-H7_V2.1.0, X-CUBE-AZRTOS-L4_V1.0.0, X-CUBE-AZRTOS-L5_V1.0.0, X-CUBE-AZRTOS-WL_V1.0.0, X-CUBE-BLE1_V6.2.3, X-CUBE-BLE2_V3.3.0, X-CUBE-EEPRMA1_V3.1.1, X-CUBE-GNSS1_V6.0.0, X-CUBE-MEMS1_V9.1.0, X-CUBE-MEMS1_V9.3.0, X-CUBE-NFC4_V2.0.4, X-CUBE-NFC7_V1.0.0, X-CUBE-SFXS2LP1_V4.0.0, X-CUBE-SUBG2_V5.0.0]
2022-10-14 08:02:13,613 [WARN] PackLoader:242 - Cannot read IP mode file for STMicroelectronics.X-CUBE-GNSS1.6.0.0
2022-10-14 08:02:13,670 [WARN] PackLoader:242 - Cannot read IP mode file for STMicroelectronics.X-CUBE-AZRTOS-F4.1.1.0
2022-10-14 08:02:13,693 [WARN] PackLoader:242 - Cannot read IP mode file for STMicroelectronics.X-CUBE-BLEMGR.1.2.0
2022-10-14 08:02:13,744 [WARN] PackLoader:242 - Cannot read IP mode file for STMicroelectronics.X-CUBE-AZRTOS-F7.1.1.0
2022-10-14 08:02:13,766 [WARN] PackLoader:242 - Cannot read IP mode file for STMicroelectronics.X-CUBE-BLE1.6.2.3
2022-10-14 08:02:13,781 [WARN] PackLoader:242 - Cannot read IP mode file for STMicroelectronics.X-CUBE-NFC4.2.0.4
2022-10-14 08:02:13,814 [WARN] PackLoader:242 - Cannot read IP mode file for STMicroelectronics.X-CUBE-TOF1.3.1.0
2022-10-14 08:02:13,836 [WARN] PackLoader:242 - Cannot read IP mode file for wolfSSL.I-CUBE-wolfSSL.5.5.0
2022-10-14 08:02:13,853 [WARN] PackLoader:242 - Cannot read IP mode file for STMicroelectronics.X-CUBE-NFC7.1.0.0
2022-10-14 08:02:13,940 [WARN] PackLoader:242 - Cannot read IP mode file for STMicroelectronics.X-CUBE-MEMS1.9.3.0
2022-10-14 08:02:14,117 [WARN] PackLoader:242 - Cannot read IP mode file for STMicroelectronics.X-CUBE-AI.7.2.0
2022-10-14 08:02:14,137 [WARN] PackLoader:242 - Cannot read IP mode file for STMicroelectronics.X-CUBE-SFXS2LP1.4.0.0
2022-10-14 08:02:14,154 [WARN] PackLoader:242 - Cannot read IP mode file for STMicroelectronics.X-CUBE-BLE2.3.3.0
2022-10-14 08:02:14,175 [WARN] PackLoader:242 - Cannot read IP mode file for STMicroelectronics.X-CUBE-DISPLAY.2.2.0
2022-10-14 08:02:14,183 [WARN] PackLoader:242 - Cannot read IP mode file for STMicroelectronics.X-CUBE-ISPU.1.0.0
2022-10-14 08:02:14,204 [WARN] PackLoader:242 - Cannot read IP mode file for RoweBots.I-CUBE-UNISONRTOS.5.5.0-4
2022-10-14 08:02:14,233 [WARN] PackLoader:242 - Cannot read IP mode file for STMicroelectronics.X-CUBE-AZRTOS-H7.2.1.0
2022-10-14 08:02:14,253 [WARN] PackLoader:242 - Cannot read IP mode file for STMicroelectronics.X-CUBE-BLEMGR.1.0.0
2022-10-14 08:02:14,268 [WARN] PackLoader:242 - Cannot read IP mode file for STMicroelectronics.X-CUBE-ALGOBUILD.1.3.0
2022-10-14 08:02:14,297 [WARN] PackLoader:242 - Cannot read IP mode file for STMicroelectronics.X-CUBE-AZRTOS-G0.1.1.0
2022-10-14 08:02:14,317 [WARN] PackLoader:242 - Cannot read IP mode file for STMicroelectronics.X-CUBE-SUBG2.5.0.0
2022-10-14 08:02:14,377 [WARN] PackLoader:242 - Cannot read IP mode file for SEGGER.I-CUBE-embOS.1.2.0
2022-10-14 08:02:14,425 [WARN] PackLoader:242 - Cannot read IP mode file for STMicroelectronics.FP-ATR-ASTRA1.1.1.1
2022-10-14 08:02:14,448 [WARN] PackLoader:242 - Cannot read IP mode file for STMicroelectronics.X-CUBE-AZRTOS-G4.1.0.0
2022-10-14 08:02:14,474 [WARN] PackLoader:242 - Cannot read IP mode file for STMicroelectronics.X-CUBE-AZRTOS-L4.1.0.0
2022-10-14 08:02:14,489 [WARN] PackLoader:242 - Cannot read IP mode file for emotas.I-CUBE-CANOPEN.1.1.2
2022-10-14 08:02:14,498 [WARN] PackLoader:242 - Cannot read IP mode file for STMicroelectronics.X-CUBE-TOUCHGFX.4.20.0
2022-10-14 08:02:14,519 [WARN] PackLoader:242 - Cannot read IP mode file for STMicroelectronics.X-CUBE-AZRTOS-WL.1.0.0
2022-10-14 08:02:14,534 [WARN] PackLoader:242 - Cannot read IP mode file for portGmbH.I-Cube-SoM-uGOAL.1.1.0
2022-10-14 08:02:14,548 [WARN] PackLoader:242 - Cannot read IP mode file for STMicroelectronics.X-CUBE-ALS.1.0.1
2022-10-14 08:02:14,574 [WARN] PackLoader:242 - Cannot read IP mode file for STMicroelectronics.X-CUBE-AZRTOS-L5.1.0.0
2022-10-14 08:02:14,591 [WARN] PackLoader:242 - Cannot read IP mode file for STMicroelectronics.X-CUBE-EEPRMA1.3.1.1
2022-10-14 08:02:14,593 [INFO] ThirdParty:929 - Integrity check success = true
2022-10-14 08:02:14,593 [INFO] IntegrityCheckThread:98 - exiting critical section [integrity check]
2022-10-14 08:02:14,593 [INFO] IntegrityCheckThread:101 - End integrity checks thread
2022-10-14 08:02:15,340 [INFO] ApiDb:239 - Found 138 in-development CPN: [B-WB1M-WPAN1, NUCLEO-C031C6, STEVAL-STWINBX1, STM320518-EVAL, STM32C0116-DK, STM32C011D6Y3TR, STM32C011D6Y6TR, STM32C011F4P3, STM32C011F4P6, STM32C011F4U3, STM32C011F4U6TR, STM32C011F6P3, STM32C011F6P6, STM32C011F6U3, STM32C011F6U6TR, STM32C011J4M3, STM32C011J4M6, STM32C011J6M3, STM32C011J6M6, STM32C0316-DK, STM32C031C4T3, STM32C031C4T6, STM32C031C4U3, STM32C031C4U6, STM32C031C6T3, STM32C031C6T6, STM32C031C6U3, STM32C031C6U6, STM32C031F4P3, STM32C031F4P6, STM32C031F6P3, STM32C031F6P6, STM32C031G4U3, STM32C031G4U6, STM32C031G6U3, STM32C031G6U6, STM32C031K4T3, STM32C031K4T6, STM32C031K4U3, STM32C031K4U6, STM32C031K6T3, STM32C031K6T6, STM32C031K6U3, STM32C031K6U6, STM32G071K8TXN, STM32G071K8UXN, STM32G081GBU6N, STM32G081KBT6N, STM32G081KBUXN, STM32G0B1CCT6N, STM32G0B1KCT6, STM32G0B1NEY6TR, STM32G0B1RCT6N, STM32G0C1CCT6, STM32G0C1CCT6N, STM32G0C1CCU6N, STM32G0C1CET6N, STM32G0C1CEU6N, STM32G0C1KCT6, STM32G0C1NEY6TR, STM32G0C1RCI6N, STM32G0C1RCT6N, STM32G0C1REI6N, STM32G0C1RET6N, STM32G0C1VCI6, STM32G0C1VEI6, STM32G471CCT6, STM32G471CCU6, STM32G471CET3, STM32G471CET6, STM32G471CEU3, STM32G471CEU6, STM32G471MCT6, STM32G471MET3, STM32G471MET6, STM32G471MEY6TR, STM32G471QCT6, STM32G471QET3, STM32G471RCT6, STM32G471RET3, STM32G471RET6, STM32G471VCH6, STM32G471VCI6, STM32G471VCT6, STM32G471VEH3, STM32G471VEH6, STM32G471VEI3, STM32G471VEI6, STM32G471VET3, STM32G471VET6, STM32G474CCT6, STM32L476VGY6PTR, STM32L4R5QGI6STR, STM32MP131AAE3, STM32MP131AAF3, STM32MP131AAG3, STM32MP131CAE3, STM32MP131CAF3, STM32MP131CAG3, STM32MP131DAE7, STM32MP131DAF7, STM32MP131DAG7, STM32MP131FAE7, STM32MP131FAF7, STM32MP131FAG7, STM32MP133AAE3, STM32MP133AAF3, STM32MP133AAG3, STM32MP133CAE3, STM32MP133CAF3, STM32MP133CAG3, STM32MP133DAE7, STM32MP133DAF7, STM32MP133DAG7, STM32MP133FAE7, STM32MP133FAF7, STM32MP133FAG7, STM32MP135AAE3, STM32MP135AAF3, STM32MP135AAG3, STM32MP135CAE3, STM32MP135CAF3, STM32MP135CAG3, STM32MP135DAE7, STM32MP135DAF7, STM32MP135DAG7, STM32MP135F-DK, STM32MP135FAE7, STM32MP135FAF7, STM32MP135FAG7, STM32U595ZJT6Q, STM32U599BJY6QTR, STM32U599NIH6Q, STM32U599NJH6Q, STM32U5A5ZJT6Q, STM32U5A9BJY6QTR, STM32U5A9NJH6Q, STM32WB1MMCH6]
2022-10-14 08:02:15,344 [INFO] DbMcus:215 - Found 3542 MCUs, 3542 are supported
2022-10-14 08:02:15,358 [INFO] ApiDb:418 - Load user favorites file C:\Users\legolas/.stm32cubeide/favorites.mcus.txt: 0 item(s)
2022-10-14 08:02:15,358 [INFO] ApiDb:422 - User favorites MCUs=[]
2022-10-14 08:02:15,358 [INFO] DbMcus:221 - Set 0 / 0 favorites MCUs
2022-10-14 08:02:15,361 [INFO] ApiDb:663 - CubeFinder database Data Model version=2.1
2022-10-14 08:02:15,362 [INFO] ApiDb:664 - CubeFinder database Configuration version=3.0.32
2022-10-14 08:02:15,362 [INFO] ApiDb:665 - CubeFinder database generation date=2022-08-05 (1659688109)
2022-10-14 08:02:15,362 [INFO] ApiDb:666 - CubeFinder database FW Pack versions=[STM32Cube_FW_C0_V1.0.0, STM32Cube_FW_F4_V1.27.1, STM32Cube_FW_F7_V1.17.0, STM32Cube_FW_G0_V1.6.1, STM32Cube_FW_G4_V1.5.0, STM32Cube_FW_H7_V1.10.0, STM32Cube_FW_L5_V1.4.0, STM32Cube_FW_U5_V1.1.1, STM32Cube_FW_WB_V1.14.1, STM32Cube_FW_WL_V1.2.0, X-CUBE-ALGOBUILD_V1.3.0, X-CUBE-ALS_V1.0.1, X-CUBE-AZRTOS-F4_V1.1.0, X-CUBE-AZRTOS-F7_V1.1.0, X-CUBE-AZRTOS-G0_V1.1.0, X-CUBE-AZRTOS-G4_V1.0.0, X-CUBE-AZRTOS-H7_V2.1.0, X-CUBE-AZRTOS-L4_V1.0.0, X-CUBE-AZRTOS-L5_V1.0.0, X-CUBE-AZRTOS-WL_V1.0.0, X-CUBE-BLE1_V6.2.3, X-CUBE-BLE2_V3.3.0, X-CUBE-EEPRMA1_V3.1.1, X-CUBE-GNSS1_V6.0.0, X-CUBE-MEMS1_V9.1.0, X-CUBE-MEMS1_V9.3.0, X-CUBE-NFC4_V2.0.4, X-CUBE-NFC7_V1.0.0, X-CUBE-SFXS2LP1_V4.0.0, X-CUBE-SUBG2_V5.0.0]
2022-10-14 08:02:15,411 [INFO] DbBoardsSqlite:227 - include board P-NUCLEO-WB55-NUCLEO as a kit item of type 'Nucleo-64'
2022-10-14 08:02:15,411 [INFO] DbBoardsSqlite:227 - include board P-NUCLEO-WB55-USBDONGLE as a kit item of type 'Nucleo USB Dongle'
2022-10-14 08:02:15,411 [INFO] DbBoardsSqlite:227 - include board STEVAL-IDP005V1 as a kit item of type 'Evaluation Board'
2022-10-14 08:02:15,411 [INFO] DbBoardsSqlite:227 - include board STEVAL-IDP005V2 as a kit item of type 'Evaluation Board'
2022-10-14 08:02:15,419 [INFO] ApiDb:239 - Found 138 in-development CPN: [B-WB1M-WPAN1, NUCLEO-C031C6, STEVAL-STWINBX1, STM320518-EVAL, STM32C0116-DK, STM32C011D6Y3TR, STM32C011D6Y6TR, STM32C011F4P3, STM32C011F4P6, STM32C011F4U3, STM32C011F4U6TR, STM32C011F6P3, STM32C011F6P6, STM32C011F6U3, STM32C011F6U6TR, STM32C011J4M3, STM32C011J4M6, STM32C011J6M3, STM32C011J6M6, STM32C0316-DK, STM32C031C4T3, STM32C031C4T6, STM32C031C4U3, STM32C031C4U6, STM32C031C6T3, STM32C031C6T6, STM32C031C6U3, STM32C031C6U6, STM32C031F4P3, STM32C031F4P6, STM32C031F6P3, STM32C031F6P6, STM32C031G4U3, STM32C031G4U6, STM32C031G6U3, STM32C031G6U6, STM32C031K4T3, STM32C031K4T6, STM32C031K4U3, STM32C031K4U6, STM32C031K6T3, STM32C031K6T6, STM32C031K6U3, STM32C031K6U6, STM32G071K8TXN, STM32G071K8UXN, STM32G081GBU6N, STM32G081KBT6N, STM32G081KBUXN, STM32G0B1CCT6N, STM32G0B1KCT6, STM32G0B1NEY6TR, STM32G0B1RCT6N, STM32G0C1CCT6, STM32G0C1CCT6N, STM32G0C1CCU6N, STM32G0C1CET6N, STM32G0C1CEU6N, STM32G0C1KCT6, STM32G0C1NEY6TR, STM32G0C1RCI6N, STM32G0C1RCT6N, STM32G0C1REI6N, STM32G0C1RET6N, STM32G0C1VCI6, STM32G0C1VEI6, STM32G471CCT6, STM32G471CCU6, STM32G471CET3, STM32G471CET6, STM32G471CEU3, STM32G471CEU6, STM32G471MCT6, STM32G471MET3, STM32G471MET6, STM32G471MEY6TR, STM32G471QCT6, STM32G471QET3, STM32G471RCT6, STM32G471RET3, STM32G471RET6, STM32G471VCH6, STM32G471VCI6, STM32G471VCT6, STM32G471VEH3, STM32G471VEH6, STM32G471VEI3, STM32G471VEI6, STM32G471VET3, STM32G471VET6, STM32G474CCT6, STM32L476VGY6PTR, STM32L4R5QGI6STR, STM32MP131AAE3, STM32MP131AAF3, STM32MP131AAG3, STM32MP131CAE3, STM32MP131CAF3, STM32MP131CAG3, STM32MP131DAE7, STM32MP131DAF7, STM32MP131DAG7, STM32MP131FAE7, STM32MP131FAF7, STM32MP131FAG7, STM32MP133AAE3, STM32MP133AAF3, STM32MP133AAG3, STM32MP133CAE3, STM32MP133CAF3, STM32MP133CAG3, STM32MP133DAE7, STM32MP133DAF7, STM32MP133DAG7, STM32MP133FAE7, STM32MP133FAF7, STM32MP133FAG7, STM32MP135AAE3, STM32MP135AAF3, STM32MP135AAG3, STM32MP135CAE3, STM32MP135CAF3, STM32MP135CAG3, STM32MP135DAE7, STM32MP135DAF7, STM32MP135DAG7, STM32MP135F-DK, STM32MP135FAE7, STM32MP135FAF7, STM32MP135FAG7, STM32U595ZJT6Q, STM32U599BJY6QTR, STM32U599NIH6Q, STM32U599NJH6Q, STM32U5A5ZJT6Q, STM32U5A9BJY6QTR, STM32U5A9NJH6Q, STM32WB1MMCH6]
2022-10-14 08:02:15,535 [INFO] BoardInfo:879 - No configuration file found for board P-NUCLEO-WB55
2022-10-14 08:02:15,536 [INFO] DbBoards:156 - Kit is not supported: P-NUCLEO-WB55
2022-10-14 08:02:15,540 [INFO] BoardInfo:879 - No configuration file found for board STEVAL-BFA001V1B
2022-10-14 08:02:15,540 [INFO] DbBoards:156 - Kit is not supported: STEVAL-BFA001V1B
2022-10-14 08:02:15,541 [INFO] BoardInfo:879 - No configuration file found for board STEVAL-BFA001V2B
2022-10-14 08:02:15,541 [INFO] DbBoards:156 - Kit is not supported: STEVAL-BFA001V2B
2022-10-14 08:02:15,637 [INFO] DbBoards:160 - Found 176 boards, 173 are supported
2022-10-14 08:02:15,643 [INFO] ApiDb:409 - User favorites file not found: C:\Users\legolas/.stm32cubeide/favorites.boards.txt
2022-10-14 08:02:15,643 [INFO] DbBoards:189 - Set 0 / 0 favorites Boards
2022-10-14 08:02:15,646 [INFO] ApiDb:663 - CubeFinder database Data Model version=2.1
2022-10-14 08:02:15,646 [INFO] ApiDb:664 - CubeFinder database Configuration version=3.0.32
2022-10-14 08:02:15,646 [INFO] ApiDb:665 - CubeFinder database generation date=2022-08-05 (1659688109)
2022-10-14 08:02:15,646 [INFO] ApiDb:666 - CubeFinder database FW Pack versions=[STM32Cube_FW_C0_V1.0.0, STM32Cube_FW_F4_V1.27.1, STM32Cube_FW_F7_V1.17.0, STM32Cube_FW_G0_V1.6.1, STM32Cube_FW_G4_V1.5.0, STM32Cube_FW_H7_V1.10.0, STM32Cube_FW_L5_V1.4.0, STM32Cube_FW_U5_V1.1.1, STM32Cube_FW_WB_V1.14.1, STM32Cube_FW_WL_V1.2.0, X-CUBE-ALGOBUILD_V1.3.0, X-CUBE-ALS_V1.0.1, X-CUBE-AZRTOS-F4_V1.1.0, X-CUBE-AZRTOS-F7_V1.1.0, X-CUBE-AZRTOS-G0_V1.1.0, X-CUBE-AZRTOS-G4_V1.0.0, X-CUBE-AZRTOS-H7_V2.1.0, X-CUBE-AZRTOS-L4_V1.0.0, X-CUBE-AZRTOS-L5_V1.0.0, X-CUBE-AZRTOS-WL_V1.0.0, X-CUBE-BLE1_V6.2.3, X-CUBE-BLE2_V3.3.0, X-CUBE-EEPRMA1_V3.1.1, X-CUBE-GNSS1_V6.0.0, X-CUBE-MEMS1_V9.1.0, X-CUBE-MEMS1_V9.3.0, X-CUBE-NFC4_V2.0.4, X-CUBE-NFC7_V1.0.0, X-CUBE-SFXS2LP1_V4.0.0, X-CUBE-SUBG2_V5.0.0]
2022-10-14 08:02:16,568 [ERROR] LogOutputStream:74 - [STDERR_REDIRECT] SLF4J: Failed to load class "org.slf4j.impl.StaticLoggerBinder".
2022-10-14 08:02:16,569 [ERROR] LogOutputStream:74 - [STDERR_REDIRECT] SLF4J: Defaulting to no-operation (NOP) logger implementation
2022-10-14 08:02:16,571 [ERROR] LogOutputStream:74 - [STDERR_REDIRECT] SLF4J: See http://www.slf4j.org/codes.html#StaticLoggerBinder for further details.
2022-10-14 08:02:16,626 [INFO] DbExamplesSqlite:374 - Ignored 31 examples not supported by CubeIDE
2022-10-14 08:02:16,626 [INFO] DbExamplesSqlite:375 - Found 6197 examples active
2022-10-14 08:02:16,627 [INFO] DbExamplesSqlite:376 - Found 89 examples obsolete
2022-10-14 08:02:16,627 [INFO] DbExamplesSqlite:377 - Found 0 examples under development
2022-10-14 08:02:16,627 [INFO] DbExamplesSqlite:378 - Found 76 examples not building
2022-10-14 08:02:16,628 [INFO] DbExamples:124 - Found 6242 examples
2022-10-14 08:02:16,642 [INFO] DbExamples:221 - Found 77 boards with related examples
2022-10-14 08:02:16,643 [INFO] DbExamples:234 - Found 64 MCUs with related examples
2022-10-14 08:02:16,664 [INFO] ApiDb:409 - User favorites file not found: C:\Users\legolas/.stm32cubeide/favorites.examples.txt
2022-10-14 08:02:16,664 [INFO] DbExamples:249 - Set 0 / 0 favorites Examples
2022-10-14 08:02:17,007 [INFO] McuFinderGlobals:57 - Set McuFinderConnectedMode to true
2022-10-14 08:02:17,018 [INFO] MultiScanPanel:195 - Auto-refresh data requested => check proxy status ongoing
2022-10-14 08:02:17,025 [INFO] FinderPluginLoader:92 - Searching for filters in installed packs
2022-10-14 08:02:18,683 [INFO] LoadUrlFilesThread:177 - End of LoadServerUrlFiles without Thread
2022-10-14 08:02:18,696 [INFO] DetailPanel:339 - Set advertising image to C:/Users/legolas/STM32Cube/Repository/\en.Prom_NBSTM32U50921.jpg
2022-10-14 08:02:19,758 [INFO] ToolPreferences:109 - Table McuList, key=mcufinder_cubeide.mculist: column name not found=IO
2022-10-14 08:02:19,758 [INFO] ToolPreferences:109 - Table McuList, key=mcufinder_cubeide.mculist: column name not found=Freq.
2022-10-14 08:04:06,115 [INFO] MainUpdater:2768 - connection check result : 10
2022-10-14 08:04:06,115 [INFO] MainUpdater:2768 - connection check result : 10
2022-10-14 08:04:06,166 [INFO] MicroXplorer:451 - Change Database Path : 
2022-10-14 08:04:06,167 [INFO] MicroXplorer:481 - Change Database Version : DB.6.0.60
2022-10-14 08:04:06,167 [WARN] ThirdParty:827 - waiting for thirdparty lock release [close project]
2022-10-14 08:04:06,167 [INFO] ThirdParty:829 - entering critical section [close project]
2022-10-14 08:04:06,168 [INFO] ThirdParty:839 - exiting critical section [close project]
2022-10-14 08:04:06,175 [INFO] PinOutPanel:1468 - setPackage(No Configuration,No Configuration)
2022-10-14 08:04:06,209 [INFO] UtilMem:74 - Begin LoadConfig() Used Memory: 420631136 Bytes (543162368)
2022-10-14 08:04:06,211 [INFO] MicroXplorer:451 - Change Database Path : 
2022-10-14 08:04:06,211 [INFO] MicroXplorer:481 - Change Database Version : DB.6.0.60
2022-10-14 08:04:06,213 [INFO] OpenFileManager:307 - Change cursor
2022-10-14 08:04:06,388 [INFO] Mcu:1922 - Initializing MCU STM32F103C6Tx STM32F103C6Tx 
2022-10-14 08:04:06,389 [INFO] Mcu:1935 - No CPN specified => set CPN to STM32F103C6T6A
2022-10-14 08:04:07,720 [INFO] Context:654 - Trying to add GPIOservice into a context  which must be forbidden
2022-10-14 08:04:08,051 [INFO] ImportTextPane:193 - (OptionalMessage_ERROR) Unable to find key (Mcu.ThirdPartyNb) in loaded IOC file
2022-10-14 08:04:08,052 [INFO] ImportTextPane:193 - (OptionalMessage_ERROR) Unable to find key (Mcu.PinsNb) in loaded IOC file
2022-10-14 08:04:08,052 [INFO] ImportTextPane:193 - (OptionalMessage_ERROR) Unable to find key (Mcu.IPNb) in loaded IOC file
2022-10-14 08:04:08,152 [WARN] ApiManager:308 - Cannot register API 'Board Extension:GNSS1A1' from pack STMicroelectronics.X-CUBE-GNSS1.6.0.0: no header file found
2022-10-14 08:04:08,153 [WARN] ApiManager:308 - Cannot register API 'Board Support:Custom' from pack STMicroelectronics.X-CUBE-GNSS1.6.0.0: no header file found
2022-10-14 08:04:08,153 [WARN] ApiManager:308 - Cannot register API 'Data Exchange:lib_gnss' from pack STMicroelectronics.X-CUBE-GNSS1.6.0.0: no header file found
2022-10-14 08:04:08,173 [WARN] ApiManager:308 - Cannot register API 'Wireless:BlueNRG-MS' from pack STMicroelectronics.X-CUBE-BLE1.6.2.3: no header file found
2022-10-14 08:04:08,176 [INFO] RtosManager:488 - Registered RTOS mode: class=CMSIS, group=RTOS, mode=CMSIS_V1, owner=FREERTOS
2022-10-14 08:04:08,176 [INFO] RtosManager:488 - Registered RTOS mode: class=CMSIS, group=RTOS2, mode=CMSIS_V2, owner=FREERTOS
2022-10-14 08:04:08,176 [INFO] RtosManager:488 - Registered RTOS mode: class=RTOS, group=Core, mode=CMSIS_V1, owner=FREERTOS
2022-10-14 08:04:08,176 [INFO] RtosManager:488 - Registered RTOS mode: class=RTOS, group=Core, mode=CMSIS_V2, owner=FREERTOS
2022-10-14 08:04:08,176 [WARN] ModelIntegratedComponent:185 - Missing modes for component STMicroelectronics:FreeRTOS:0.0.1:STMicroelectronics:RTOS:FreeRTOS:Core:::10.2.0:
2022-10-14 08:04:08,183 [WARN] ApiManager:308 - Cannot register API 'Board Extension:S2868A1' from pack STMicroelectronics.X-CUBE-SUBG2.5.0.0: no header file found
2022-10-14 08:04:08,183 [WARN] ApiManager:308 - Cannot register API 'Board Extension:S2868A2' from pack STMicroelectronics.X-CUBE-SUBG2.5.0.0: no header file found
2022-10-14 08:04:08,183 [WARN] ApiManager:308 - Cannot register API 'Board Extension:S2915A1' from pack STMicroelectronics.X-CUBE-SUBG2.5.0.0: no header file found
2022-10-14 08:04:08,192 [WARN] ApiManager:308 - Cannot register API 'Board Extension:NFC04A1' from pack STMicroelectronics.X-CUBE-NFC4.2.0.4: no header file found
2022-10-14 08:04:08,202 [WARN] ModelIntegratedComponent:64 - No mode defined for component null
2022-10-14 08:04:08,203 [WARN] ModelIntegratedComponent:64 - No mode defined for component null
2022-10-14 08:04:08,203 [WARN] ModelIntegratedComponent:64 - No mode defined for component null
2022-10-14 08:04:08,203 [WARN] ModelIntegratedComponent:64 - No mode defined for component null
2022-10-14 08:04:08,204 [WARN] ModelIntegratedComponent:64 - No mode defined for component null
2022-10-14 08:04:08,204 [WARN] ModelIntegratedComponent:64 - No mode defined for component null
2022-10-14 08:04:08,204 [WARN] ModelIntegratedComponent:64 - No mode defined for component null
2022-10-14 08:04:08,204 [WARN] ModelIntegratedComponent:64 - No mode defined for component null
2022-10-14 08:04:08,204 [WARN] ModelIntegratedComponent:64 - No mode defined for component null
2022-10-14 08:04:08,204 [WARN] ModelIntegratedComponent:64 - No mode defined for component null
2022-10-14 08:04:08,204 [WARN] ModelIntegratedComponent:64 - No mode defined for component null
2022-10-14 08:04:08,204 [WARN] ModelIntegratedComponent:64 - No mode defined for component null
2022-10-14 08:04:08,204 [WARN] ModelIntegratedComponent:64 - No mode defined for component null
2022-10-14 08:04:08,205 [WARN] ModelIntegratedComponent:64 - No mode defined for component null
2022-10-14 08:04:08,205 [WARN] ModelIntegratedComponent:64 - No mode defined for component null
2022-10-14 08:04:08,205 [WARN] ModelIntegratedComponent:64 - No mode defined for component null
2022-10-14 08:04:08,205 [WARN] ModelIntegratedComponent:64 - No mode defined for component null
2022-10-14 08:04:08,205 [WARN] ModelIntegratedComponent:64 - No mode defined for component null
2022-10-14 08:04:08,205 [WARN] ModelIntegratedComponent:64 - No mode defined for component null
2022-10-14 08:04:08,205 [WARN] ModelIntegratedComponent:64 - No mode defined for component null
2022-10-14 08:04:08,205 [WARN] ModelIntegratedComponent:64 - No mode defined for component null
2022-10-14 08:04:08,206 [WARN] ModelIntegratedComponent:64 - No mode defined for component null
2022-10-14 08:04:08,206 [WARN] ModelIntegratedComponent:64 - No mode defined for component null
2022-10-14 08:04:08,206 [WARN] ModelIntegratedComponent:64 - No mode defined for component null
2022-10-14 08:04:08,206 [WARN] ModelIntegratedComponent:64 - No mode defined for component null
2022-10-14 08:04:08,206 [WARN] ModelIntegratedComponent:64 - No mode defined for component null
2022-10-14 08:04:08,206 [WARN] ModelIntegratedComponent:64 - No mode defined for component null
2022-10-14 08:04:08,206 [WARN] ModelIntegratedComponent:64 - No mode defined for component null
2022-10-14 08:04:08,206 [WARN] ModelIntegratedComponent:64 - No mode defined for component null
2022-10-14 08:04:08,206 [WARN] ModelIntegratedComponent:64 - No mode defined for component null
2022-10-14 08:04:08,206 [WARN] ModelIntegratedComponent:64 - No mode defined for component null
2022-10-14 08:04:08,206 [WARN] ModelIntegratedComponent:64 - No mode defined for component null
2022-10-14 08:04:08,206 [WARN] ModelIntegratedComponent:64 - No mode defined for component null
2022-10-14 08:04:08,209 [WARN] ApiManager:308 - Cannot register API 'Board Extension:NFC07A1' from pack STMicroelectronics.X-CUBE-NFC7.1.0.0: no header file found
2022-10-14 08:04:08,367 [WARN] ApiManager:308 - Cannot register API 'Board Extension:IKS01A3' from pack STMicroelectronics.X-CUBE-MEMS1.9.3.0: no header file found
2022-10-14 08:04:08,367 [WARN] ApiManager:308 - Cannot register API 'Board Extension:IKS01A2' from pack STMicroelectronics.X-CUBE-MEMS1.9.3.0: no header file found
2022-10-14 08:04:08,367 [WARN] ApiManager:308 - Cannot register API 'Board Extension:IKS02A1' from pack STMicroelectronics.X-CUBE-MEMS1.9.3.0: no header file found
2022-10-14 08:04:08,384 [WARN] ApiManager:308 - Cannot register API 'Board Extension:EEPRMA1' from pack STMicroelectronics.X-CUBE-EEPRMA1.3.1.1: no header file found
2022-10-14 08:04:08,384 [WARN] ApiManager:308 - Cannot register API 'Board Extension:EEPRMA2' from pack STMicroelectronics.X-CUBE-EEPRMA1.3.1.1: no header file found
2022-10-14 08:04:08,385 [WARN] ApiManager:308 - Cannot register API 'Board Extension:S2868A1' from pack STMicroelectronics.X-CUBE-SFXS2LP1.4.0.0: no header file found
2022-10-14 08:04:08,385 [WARN] ApiManager:308 - Cannot register API 'Board Extension:S2868A2' from pack STMicroelectronics.X-CUBE-SFXS2LP1.4.0.0: no header file found
2022-10-14 08:04:08,385 [WARN] ApiManager:308 - Cannot register API 'Board Extension:S2915A1' from pack STMicroelectronics.X-CUBE-SFXS2LP1.4.0.0: no header file found
2022-10-14 08:04:08,385 [WARN] ApiManager:308 - Cannot register API 'Wireless:BlueNRG-2' from pack STMicroelectronics.X-CUBE-BLE2.3.3.0: no header file found
2022-10-14 08:04:08,393 [INFO] ThirdPartyModel:289 - Start build external matchings
2022-10-14 08:04:08,727 [INFO] ThirdPartyModel:302 - End build external matchings
2022-10-14 08:04:08,967 [INFO] UtilMem:74 - End LoadConfig() Used Memory: 448177176 Bytes (543162368)
2022-10-14 08:04:09,005 [WARN] ThirdParty:789 - waiting for thirdparty lock release [change project]
2022-10-14 08:04:09,005 [INFO] ThirdParty:791 - entering critical section [change project]
2022-10-14 08:04:09,006 [INFO] ThirdParty:981 - CMSIS Pack Vendor :RoweBots I-CUBE-UNISONRTOS 5.5.0-4
2022-10-14 08:04:09,006 [INFO] ThirdParty:981 - CMSIS Pack Vendor :STMicroelectronics X-CUBE-GNSS1 6.0.0
2022-10-14 08:04:09,006 [INFO] ThirdParty:981 - CMSIS Pack Vendor :STMicroelectronics X-CUBE-AZRTOS-H7 2.1.0
2022-10-14 08:04:09,006 [INFO] ThirdParty:981 - CMSIS Pack Vendor :STMicroelectronics USB_HOST 2.0.0
2022-10-14 08:04:09,006 [INFO] ThirdParty:981 - CMSIS Pack Vendor :STMicroelectronics X-CUBE-AZRTOS-F4 1.1.0
2022-10-14 08:04:09,006 [INFO] ThirdParty:981 - CMSIS Pack Vendor :STMicroelectronics LIBJPEG 8.0.0
2022-10-14 08:04:09,006 [INFO] ThirdParty:981 - CMSIS Pack Vendor :STMicroelectronics USB_DEVICE 3.0.0
2022-10-14 08:04:09,006 [INFO] ThirdParty:981 - CMSIS Pack Vendor :STMicroelectronics X-CUBE-BLEMGR 1.0.0
2022-10-14 08:04:09,006 [INFO] ThirdParty:981 - CMSIS Pack Vendor :STMicroelectronics X-CUBE-BLEMGR 1.2.0
2022-10-14 08:04:09,006 [INFO] ThirdParty:981 - CMSIS Pack Vendor :STMicroelectronics X-CUBE-AZRTOS-F7 1.1.0
2022-10-14 08:04:09,007 [INFO] ThirdParty:981 - CMSIS Pack Vendor :STMicroelectronics USB_DEVICE 2.0.0
2022-10-14 08:04:09,007 [INFO] ThirdParty:981 - CMSIS Pack Vendor :STMicroelectronics X-CUBE-BLE1 6.2.3
2022-10-14 08:04:09,007 [INFO] ThirdParty:981 - CMSIS Pack Vendor :STMicroelectronics X-CUBE-ALGOBUILD 1.3.0
2022-10-14 08:04:09,007 [INFO] ThirdParty:981 - CMSIS Pack Vendor :STMicroelectronics FreeRTOS 0.0.1
2022-10-14 08:04:09,007 [INFO] ThirdParty:981 - CMSIS Pack Vendor :STMicroelectronics X-CUBE-AZRTOS-G0 1.1.0
2022-10-14 08:04:09,007 [INFO] ThirdParty:981 - CMSIS Pack Vendor :STMicroelectronics X-CUBE-SUBG2 5.0.0
2022-10-14 08:04:09,007 [INFO] ThirdParty:981 - CMSIS Pack Vendor :SEGGER I-CUBE-embOS 1.2.0
2022-10-14 08:04:09,007 [INFO] ThirdParty:981 - CMSIS Pack Vendor :STMicroelectronics STM32_WPAN 1.0.0
2022-10-14 08:04:09,007 [INFO] ThirdParty:981 - CMSIS Pack Vendor :STMicroelectronics lwIP 2.0.3
2022-10-14 08:04:09,007 [INFO] ThirdParty:981 - CMSIS Pack Vendor :STMicroelectronics X-CUBE-NFC4 2.0.4
2022-10-14 08:04:09,007 [INFO] ThirdParty:981 - CMSIS Pack Vendor :STMicroelectronics USB_HOST 1.0.0
2022-10-14 08:04:09,007 [INFO] ThirdParty:981 - CMSIS Pack Vendor :STMicroelectronics PDM2PCM 3.1.0
2022-10-14 08:04:09,007 [INFO] ThirdParty:981 - CMSIS Pack Vendor :STMicroelectronics FP-ATR-ASTRA1 1.1.1
2022-10-14 08:04:09,008 [INFO] ThirdParty:981 - CMSIS Pack Vendor :STMicroelectronics PDM2PCM 3.3.0
2022-10-14 08:04:09,008 [INFO] ThirdParty:981 - CMSIS Pack Vendor :STMicroelectronics X-CUBE-TOF1 3.1.0
2022-10-14 08:04:09,008 [INFO] ThirdParty:981 - CMSIS Pack Vendor :STMicroelectronics X-CUBE-AZRTOS-G4 1.0.0
2022-10-14 08:04:09,008 [INFO] ThirdParty:981 - CMSIS Pack Vendor :STMicroelectronics X-CUBE-AZRTOS-L4 1.0.0
2022-10-14 08:04:09,008 [INFO] ThirdParty:981 - CMSIS Pack Vendor :wolfSSL I-CUBE-wolfSSL 5.5.0
2022-10-14 08:04:09,008 [INFO] ThirdParty:981 - CMSIS Pack Vendor :STMicroelectronics HAL Drivers 0.0.0
2022-10-14 08:04:09,008 [INFO] ThirdParty:981 - CMSIS Pack Vendor :STMicroelectronics MBEDTLS 2.16.2
2022-10-14 08:04:09,009 [INFO] ThirdParty:981 - CMSIS Pack Vendor :emotas I-CUBE-CANOPEN 1.1.2
2022-10-14 08:04:09,009 [INFO] ThirdParty:981 - CMSIS Pack Vendor :STMicroelectronics X-CUBE-TOUCHGFX 4.20.0
2022-10-14 08:04:09,009 [INFO] ThirdParty:981 - CMSIS Pack Vendor :STMicroelectronics MBEDTLS 2.14.1
2022-10-14 08:04:09,009 [INFO] ThirdParty:981 - CMSIS Pack Vendor :STMicroelectronics X-CUBE-NFC7 1.0.0
2022-10-14 08:04:09,009 [INFO] ThirdParty:981 - CMSIS Pack Vendor :STMicroelectronics X-CUBE-AZRTOS-WL 1.0.0
2022-10-14 08:04:09,009 [INFO] ThirdParty:981 - CMSIS Pack Vendor :STMicroelectronics X-CUBE-MEMS1 9.3.0
2022-10-14 08:04:09,009 [INFO] ThirdParty:981 - CMSIS Pack Vendor :portGmbH I-Cube-SoM-uGOAL 1.1.0
2022-10-14 08:04:09,010 [INFO] ThirdParty:981 - CMSIS Pack Vendor :STMicroelectronics X-CUBE-ALS 1.0.1
2022-10-14 08:04:09,010 [INFO] ThirdParty:981 - CMSIS Pack Vendor :STMicroelectronics X-CUBE-AI 7.2.0
2022-10-14 08:04:09,010 [INFO] ThirdParty:981 - CMSIS Pack Vendor :STMicroelectronics ThreadX 1.0.0
2022-10-14 08:04:09,010 [INFO] ThirdParty:981 - CMSIS Pack Vendor :STMicroelectronics X-CUBE-AZRTOS-L5 1.0.0
2022-10-14 08:04:09,010 [INFO] ThirdParty:981 - CMSIS Pack Vendor :STMicroelectronics USB_DEVICE 1.0.0
2022-10-14 08:04:09,010 [INFO] ThirdParty:981 - CMSIS Pack Vendor :STMicroelectronics X-CUBE-EEPRMA1 3.1.1
2022-10-14 08:04:09,010 [INFO] ThirdParty:981 - CMSIS Pack Vendor :STMicroelectronics ThreadX 0.0.2
2022-10-14 08:04:09,011 [INFO] ThirdParty:981 - CMSIS Pack Vendor :STMicroelectronics lwIP 2.1.2
2022-10-14 08:04:09,011 [INFO] ThirdParty:981 - CMSIS Pack Vendor :STMicroelectronics X-CUBE-SFXS2LP1 4.0.0
2022-10-14 08:04:09,011 [INFO] ThirdParty:981 - CMSIS Pack Vendor :STMicroelectronics X-CUBE-BLE2 3.3.0
2022-10-14 08:04:09,011 [INFO] ThirdParty:981 - CMSIS Pack Vendor :STMicroelectronics X-CUBE-DISPLAY 2.2.0
2022-10-14 08:04:09,011 [INFO] ThirdParty:981 - CMSIS Pack Vendor :STMicroelectronics PDM2PCM 3.2.0
2022-10-14 08:04:09,011 [INFO] ThirdParty:981 - CMSIS Pack Vendor :STMicroelectronics X-CUBE-ISPU 1.0.0
2022-10-14 08:04:09,011 [INFO] ThirdParty:797 - exiting critical section [change project]
2022-10-14 08:04:09,450 [INFO] PinOutPanel:1468 - setPackage(No Configuration,No Configuration)
2022-10-14 08:04:09,452 [INFO] PinOutPanel:1468 - setPackage(STM32F103C6Tx,LQFP48)
2022-10-14 08:04:10,009 [INFO] UtilMem:74 - Before build in PCC Used Memory: 446758920 Bytes (543162368)
2022-10-14 08:04:11,243 [INFO] UtilMem:74 - After build in PCC Used Memory: 433309960 Bytes (543162368)
2022-10-14 08:04:11,347 [INFO] IPUIPlugin:79 - create IPUIPlugin
2022-10-14 08:04:11,347 [INFO] IPUIPlugin:79 - create IPUIPlugin
2022-10-14 08:04:11,348 [INFO] IPUIPlugin:79 - create IPUIPlugin
2022-10-14 08:04:11,348 [INFO] IPUIPlugin:79 - create IPUIPlugin
2022-10-14 08:04:11,348 [INFO] IPUIPlugin:79 - create IPUIPlugin
2022-10-14 08:04:11,349 [INFO] IPUIPlugin:79 - create IPUIPlugin
2022-10-14 08:04:11,349 [INFO] IPUIPlugin:79 - create IPUIPlugin
2022-10-14 08:04:11,349 [INFO] IPUIPlugin:79 - create IPUIPlugin
2022-10-14 08:04:11,349 [INFO] IPUIPlugin:79 - create IPUIPlugin
2022-10-14 08:04:11,349 [INFO] IPUIPlugin:79 - create IPUIPlugin
2022-10-14 08:04:11,350 [INFO] IPUIPlugin:79 - create IPUIPlugin
2022-10-14 08:04:11,350 [INFO] IPUIPlugin:79 - create IPUIPlugin
2022-10-14 08:04:11,350 [INFO] IPUIPlugin:79 - create IPUIPlugin
2022-10-14 08:04:11,350 [INFO] IPUIPlugin:79 - create IPUIPlugin
2022-10-14 08:04:11,351 [INFO] IPUIPlugin:79 - create IPUIPlugin
2022-10-14 08:04:11,351 [INFO] IPUIPlugin:79 - create IPUIPlugin
2022-10-14 08:04:11,352 [INFO] IPUIPlugin:79 - create IPUIPlugin
2022-10-14 08:04:11,353 [INFO] IPUIPlugin:79 - create IPUIPlugin
2022-10-14 08:04:11,353 [INFO] IPUIPlugin:79 - create IPUIPlugin
2022-10-14 08:04:11,354 [INFO] IPUIPlugin:79 - create IPUIPlugin
2022-10-14 08:04:11,355 [INFO] IPUIPlugin:79 - create IPUIPlugin
2022-10-14 08:04:11,360 [INFO] IPUIPlugin:79 - create IPUIPlugin
2022-10-14 08:04:11,361 [INFO] IPUIPlugin:79 - create IPUIPlugin
2022-10-14 08:04:11,754 [INFO] OpenFileManager:327 - Restore cursor
2022-10-14 08:04:13,415 [INFO] UtilMem:74 - End SaveConfig() Used Memory: 471687368 Bytes (543162368)
2022-10-14 08:04:13,505 [INFO] UtilMem:74 - End SaveConfig() Used Memory: 480598216 Bytes (543162368)
2022-10-14 08:04:14,454 [INFO] BlockDiagram:2753 - set Specific Code input for plugin: NVIC
2022-10-14 08:04:14,455 [INFO] BlockDiagram:2753 - set Specific Code input for plugin: RCC
2022-10-14 08:04:14,457 [INFO] CodeGenerator:690 - code generatio: config db path: C:\ST\STM32CubeIDE_1.7.0\STM32CubeIDE\plugins\com.st.stm32cube.common.mx_6.6.1.202207061420\\db\
2022-10-14 08:04:15,232 [INFO] CodeEngine:245 - oldGeneratedFile, C:\Users\legolas\STM32CubeIDE\workspace_1.7.0\MCU\MCU_lab2\lab2\MXTmpFiles\license.tmp_save
2022-10-14 08:04:16,123 [INFO] CodeEngine:269 - Generated code: C:\Users\legolas\STM32CubeIDE\workspace_1.7.0\MCU\MCU_lab2\lab2\MXTmpFiles\license.tmp
2022-10-14 08:04:16,165 [INFO] CodeEngine:245 - oldGeneratedFile, C:\Users\legolas\STM32CubeIDE\workspace_1.7.0\MCU\MCU_lab2\lab2\Core\Src\stm32f1xx_it.c_save
2022-10-14 08:04:16,406 [INFO] CodeEngine:269 - Generated code: C:\Users\legolas\STM32CubeIDE\workspace_1.7.0\MCU\MCU_lab2\lab2\Core\Src\stm32f1xx_it.c
2022-10-14 08:04:16,419 [INFO] CodeEngine:245 - oldGeneratedFile, C:\Users\legolas\STM32CubeIDE\workspace_1.7.0\MCU\MCU_lab2\lab2\Core\Inc\stm32f1xx_it.h_save
2022-10-14 08:04:16,560 [INFO] CodeEngine:269 - Generated code: C:\Users\legolas\STM32CubeIDE\workspace_1.7.0\MCU\MCU_lab2\lab2\Core\Inc\stm32f1xx_it.h
2022-10-14 08:04:16,697 [INFO] CodeEngine:245 - oldGeneratedFile, C:\Users\legolas\STM32CubeIDE\workspace_1.7.0\MCU\MCU_lab2\lab2\Core\Src\stm32f1xx_hal_msp.c_save
2022-10-14 08:04:16,962 [INFO] CodeEngine:269 - Generated code: C:\Users\legolas\STM32CubeIDE\workspace_1.7.0\MCU\MCU_lab2\lab2\Core\Src\stm32f1xx_hal_msp.c
2022-10-14 08:04:16,985 [INFO] CodeEngine:245 - oldGeneratedFile, C:\Users\legolas\STM32CubeIDE\workspace_1.7.0\MCU\MCU_lab2\lab2\MXTmpFiles\system.tmp_save
2022-10-14 08:04:17,117 [INFO] CodeEngine:269 - Generated code: C:\Users\legolas\STM32CubeIDE\workspace_1.7.0\MCU\MCU_lab2\lab2\MXTmpFiles\system.tmp
2022-10-14 08:04:17,142 [INFO] CodeEngine:245 - oldGeneratedFile, C:\Users\legolas\STM32CubeIDE\workspace_1.7.0\MCU\MCU_lab2\lab2\Core\Inc\stm32f1xx_hal_conf.h_save
2022-10-14 08:04:17,274 [INFO] CodeEngine:269 - Generated code: C:\Users\legolas\STM32CubeIDE\workspace_1.7.0\MCU\MCU_lab2\lab2\Core\Inc\stm32f1xx_hal_conf.h
2022-10-14 08:04:17,338 [INFO] CodeEngine:245 - oldGeneratedFile, C:\Users\legolas\STM32CubeIDE\workspace_1.7.0\MCU\MCU_lab2\lab2\Core\Inc\main.h_save
2022-10-14 08:04:17,480 [INFO] CodeEngine:269 - Generated code: C:\Users\legolas\STM32CubeIDE\workspace_1.7.0\MCU\MCU_lab2\lab2\Core\Inc\main.h
2022-10-14 08:04:17,491 [INFO] CodeEngine:245 - oldGeneratedFile, C:\Users\legolas\STM32CubeIDE\workspace_1.7.0\MCU\MCU_lab2\lab2\Core\Src\main.c_save
2022-10-14 08:04:17,736 [INFO] CodeEngine:269 - Generated code: C:\Users\legolas\STM32CubeIDE\workspace_1.7.0\MCU\MCU_lab2\lab2\Core\Src\main.c
2022-10-14 08:04:19,122 [INFO] ProjectBuilder:2919 - Time for Copy HAL[1] : 283mS.
2022-10-14 08:04:19,134 [INFO] ProjectBuilder:4117 - Project Generator version: 3.17.1
2022-10-14 08:04:19,548 [INFO] ConfigFileManager:1394 - The Die is : DIE412
2022-10-14 08:04:19,580 [INFO] ApiDbMcu:505 - Load IP Config File for FATFS
2022-10-14 08:04:19,614 [INFO] ApiDbMcu:505 - Load IP Config File for FREERTOS
2022-10-14 08:04:19,645 [INFO] ApiDbMcu:505 - Load IP Config File for USB_DEVICE
2022-10-14 08:04:26,326 [INFO] ProjectBuilder:4285 - Time for Generating toolchain IDE Files: 7192mS.
2022-10-14 08:04:26,327 [INFO] ProjectBuilder:2790 - Time for Copy CMSIS : 0mS.
2022-10-14 08:04:26,330 [INFO] ProjectBuilder:2790 - Time for Copy CMSIS : 0mS.
2022-10-14 08:04:27,405 [INFO] McuFinderGlobals:57 - Set McuFinderConnectedMode to true
2022-10-14 08:04:27,407 [INFO] ApiDb:443 - Save user favorites file C:\Users\legolas/.stm32cubeide/favorites.mcus.txt: 0 item(s)
2022-10-14 08:04:27,408 [INFO] ApiDb:447 - User favorites MCUs=[]
2022-10-14 08:07:04,709 [INFO] NvicIntPanel:100 - NVIC parent = com.st.microxplorer.plugins.ip.nvic.MultiNvicIntPanel[,0,0,0x0,invalid,layout=javax.swing.BoxLayout,alignmentX=0.0,alignmentY=0.0,border=,flags=9,maximumSize=,minimumSize=,preferredSize=]
2022-10-14 08:07:14,588 [INFO] NvicIntPanel:100 - NVIC parent = com.st.microxplorer.plugins.ip.nvic.MultiNvicIntPanel[,0,0,0x0,invalid,layout=javax.swing.BoxLayout,alignmentX=0.0,alignmentY=0.0,border=,flags=9,maximumSize=,minimumSize=,preferredSize=]
2022-10-14 08:07:15,884 [INFO] UtilMem:74 - End SaveConfig() Used Memory: 607240296 Bytes (853540864)
2022-10-14 08:07:16,942 [INFO] UtilMem:74 - End SaveConfig() Used Memory: 428717032 Bytes (853540864)
2022-10-14 08:07:19,157 [INFO] UtilMem:74 - End SaveConfig() Used Memory: 516181072 Bytes (853540864)
2022-10-14 08:07:19,593 [INFO] BlockDiagram:2753 - set Specific Code input for plugin: NVIC
2022-10-14 08:07:19,593 [INFO] BlockDiagram:2753 - set Specific Code input for plugin: GPIO
2022-10-14 08:07:19,594 [INFO] BlockDiagram:2753 - set Specific Code input for plugin: RCC
2022-10-14 08:07:19,594 [INFO] BlockDiagram:2753 - set Specific Code input for plugin: TIM1_8F1
2022-10-14 08:07:19,595 [INFO] CodeGenerator:690 - code generatio: config db path: C:\ST\STM32CubeIDE_1.7.0\STM32CubeIDE\plugins\com.st.stm32cube.common.mx_6.6.1.202207061420\\db\
2022-10-14 08:07:19,768 [INFO] CodeEngine:245 - oldGeneratedFile, C:\Users\legolas\STM32CubeIDE\workspace_1.7.0\MCU\MCU_lab2\lab2\MXTmpFiles\license.tmp_save
2022-10-14 08:07:19,885 [INFO] CodeEngine:269 - Generated code: C:\Users\legolas\STM32CubeIDE\workspace_1.7.0\MCU\MCU_lab2\lab2\MXTmpFiles\license.tmp
2022-10-14 08:07:19,981 [INFO] CodeEngine:245 - oldGeneratedFile, C:\Users\legolas\STM32CubeIDE\workspace_1.7.0\MCU\MCU_lab2\lab2\MXTmpFiles\gpio.tmp_save
2022-10-14 08:07:20,067 [INFO] CodeEngine:269 - Generated code: C:\Users\legolas\STM32CubeIDE\workspace_1.7.0\MCU\MCU_lab2\lab2\MXTmpFiles\gpio.tmp
2022-10-14 08:07:20,178 [INFO] CodeEngine:245 - oldGeneratedFile, C:\Users\legolas\STM32CubeIDE\workspace_1.7.0\MCU\MCU_lab2\lab2\Core\Src\stm32f1xx_it.c_save
2022-10-14 08:07:20,280 [INFO] CodeEngine:269 - Generated code: C:\Users\legolas\STM32CubeIDE\workspace_1.7.0\MCU\MCU_lab2\lab2\Core\Src\stm32f1xx_it.c
2022-10-14 08:07:20,288 [INFO] CodeEngine:245 - oldGeneratedFile, C:\Users\legolas\STM32CubeIDE\workspace_1.7.0\MCU\MCU_lab2\lab2\Core\Inc\stm32f1xx_it.h_save
2022-10-14 08:07:20,357 [INFO] CodeEngine:269 - Generated code: C:\Users\legolas\STM32CubeIDE\workspace_1.7.0\MCU\MCU_lab2\lab2\Core\Inc\stm32f1xx_it.h
2022-10-14 08:07:20,397 [INFO] CodeEngine:245 - oldGeneratedFile, C:\Users\legolas\STM32CubeIDE\workspace_1.7.0\MCU\MCU_lab2\lab2\Core\Src\stm32f1xx_hal_msp.c_save
2022-10-14 08:07:20,523 [INFO] CodeEngine:269 - Generated code: C:\Users\legolas\STM32CubeIDE\workspace_1.7.0\MCU\MCU_lab2\lab2\Core\Src\stm32f1xx_hal_msp.c
2022-10-14 08:07:20,529 [INFO] CodeEngine:245 - oldGeneratedFile, C:\Users\legolas\STM32CubeIDE\workspace_1.7.0\MCU\MCU_lab2\lab2\MXTmpFiles\system.tmp_save
2022-10-14 08:07:20,583 [INFO] CodeEngine:269 - Generated code: C:\Users\legolas\STM32CubeIDE\workspace_1.7.0\MCU\MCU_lab2\lab2\MXTmpFiles\system.tmp
2022-10-14 08:07:20,595 [INFO] CodeEngine:245 - oldGeneratedFile, C:\Users\legolas\STM32CubeIDE\workspace_1.7.0\MCU\MCU_lab2\lab2\Core\Inc\stm32f1xx_hal_conf.h_save
2022-10-14 08:07:20,690 [INFO] CodeEngine:269 - Generated code: C:\Users\legolas\STM32CubeIDE\workspace_1.7.0\MCU\MCU_lab2\lab2\Core\Inc\stm32f1xx_hal_conf.h
2022-10-14 08:07:20,720 [WARN] IPConfigManager:3348 - IP not found : TIM
2022-10-14 08:07:20,722 [WARN] CodeGenerator:3567 - IP not found : null
2022-10-14 08:07:20,736 [INFO] CodeEngine:245 - oldGeneratedFile, C:\Users\legolas\STM32CubeIDE\workspace_1.7.0\MCU\MCU_lab2\lab2\Core\Inc\main.h_save
2022-10-14 08:07:20,837 [INFO] CodeEngine:269 - Generated code: C:\Users\legolas\STM32CubeIDE\workspace_1.7.0\MCU\MCU_lab2\lab2\Core\Inc\main.h
2022-10-14 08:07:20,850 [INFO] CodeEngine:245 - oldGeneratedFile, C:\Users\legolas\STM32CubeIDE\workspace_1.7.0\MCU\MCU_lab2\lab2\Core\Src\main.c_save
2022-10-14 08:07:21,025 [INFO] CodeEngine:269 - Generated code: C:\Users\legolas\STM32CubeIDE\workspace_1.7.0\MCU\MCU_lab2\lab2\Core\Src\main.c
2022-10-14 08:07:21,792 [INFO] ProjectBuilder:2919 - Time for Copy HAL[1] : 216mS.
2022-10-14 08:07:21,794 [INFO] ProjectBuilder:4117 - Project Generator version: 3.17.1
2022-10-14 08:07:22,068 [INFO] ConfigFileManager:1394 - The Die is : DIE412
2022-10-14 08:07:23,782 [INFO] ProjectBuilder:4285 - Time for Generating toolchain IDE Files: 1988mS.
2022-10-14 08:07:23,784 [INFO] ProjectBuilder:2790 - Time for Copy CMSIS : 1mS.
2022-10-14 08:07:23,787 [INFO] ProjectBuilder:2790 - Time for Copy CMSIS : 0mS.
2022-10-14 08:10:18,836 [ERROR] LogOutputStream:74 - [STDERR_REDIRECT] Warning: NLS missing message: ExternalToolsPreferencePage_External_tool_project_builders_migration_2 in: org.eclipse.ui.externaltools.internal.ui.ExternalToolsUIMessages
2022-10-14 08:10:18,839 [ERROR] LogOutputStream:74 - [STDERR_REDIRECT] Warning: NLS missing message: ExternalToolsPreferencePage_Prompt_before_migrating_3 in: org.eclipse.ui.externaltools.internal.ui.ExternalToolsUIMessages
2022-10-14 08:10:18,841 [ERROR] LogOutputStream:74 - [STDERR_REDIRECT] Warning: NLS missing message: ExternalToolsPreferencePage_1 in: org.eclipse.ui.externaltools.internal.ui.ExternalToolsUIMessages
2022-10-14 09:08:26,782 [INFO] NvicIntPanel:100 - NVIC parent = com.st.microxplorer.plugins.ip.nvic.MultiNvicIntPanel[,0,0,0x0,invalid,layout=javax.swing.BoxLayout,alignmentX=0.0,alignmentY=0.0,border=,flags=9,maximumSize=,minimumSize=,preferredSize=]
2022-10-14 09:08:54,137 [INFO] NvicIntPanel:100 - NVIC parent = com.st.microxplorer.plugins.ip.nvic.MultiNvicIntPanel[,0,0,0x0,invalid,layout=javax.swing.BoxLayout,alignmentX=0.0,alignmentY=0.0,border=,flags=9,maximumSize=,minimumSize=,preferredSize=]
2022-10-14 09:08:55,838 [INFO] NvicIntPanel:100 - NVIC parent = com.st.microxplorer.plugins.ip.nvic.MultiNvicIntPanel[,0,0,0x0,invalid,layout=javax.swing.BoxLayout,alignmentX=0.0,alignmentY=0.0,border=,flags=9,maximumSize=,minimumSize=,preferredSize=]
2022-10-14 09:09:06,298 [INFO] UtilMem:74 - End SaveConfig() Used Memory: 615220856 Bytes (873463808)
2022-10-14 09:09:07,346 [INFO] UtilMem:74 - End SaveConfig() Used Memory: 238217176 Bytes (873463808)
2022-10-14 09:09:09,263 [INFO] UtilMem:74 - End SaveConfig() Used Memory: 265599792 Bytes (873463808)
2022-10-14 09:09:09,561 [INFO] BlockDiagram:2753 - set Specific Code input for plugin: NVIC
2022-10-14 09:09:09,562 [INFO] BlockDiagram:2753 - set Specific Code input for plugin: GPIO
2022-10-14 09:09:09,562 [INFO] BlockDiagram:2753 - set Specific Code input for plugin: RCC
2022-10-14 09:09:09,562 [INFO] BlockDiagram:2753 - set Specific Code input for plugin: TIM1_8F1
2022-10-14 09:09:09,564 [INFO] CodeGenerator:690 - code generatio: config db path: C:\ST\STM32CubeIDE_1.7.0\STM32CubeIDE\plugins\com.st.stm32cube.common.mx_6.6.1.202207061420\\db\
2022-10-14 09:09:09,853 [INFO] CodeEngine:245 - oldGeneratedFile, C:\Users\legolas\STM32CubeIDE\workspace_1.7.0\MCU\MCU_lab2\lab2\MXTmpFiles\license.tmp_save
2022-10-14 09:09:09,944 [INFO] CodeEngine:269 - Generated code: C:\Users\legolas\STM32CubeIDE\workspace_1.7.0\MCU\MCU_lab2\lab2\MXTmpFiles\license.tmp
2022-10-14 09:09:09,996 [INFO] CodeEngine:245 - oldGeneratedFile, C:\Users\legolas\STM32CubeIDE\workspace_1.7.0\MCU\MCU_lab2\lab2\MXTmpFiles\gpio.tmp_save
2022-10-14 09:09:10,112 [INFO] CodeEngine:269 - Generated code: C:\Users\legolas\STM32CubeIDE\workspace_1.7.0\MCU\MCU_lab2\lab2\MXTmpFiles\gpio.tmp
2022-10-14 09:09:10,263 [INFO] CodeEngine:245 - oldGeneratedFile, C:\Users\legolas\STM32CubeIDE\workspace_1.7.0\MCU\MCU_lab2\lab2\Core\Src\stm32f1xx_it.c_save
2022-10-14 09:09:10,374 [INFO] CodeEngine:269 - Generated code: C:\Users\legolas\STM32CubeIDE\workspace_1.7.0\MCU\MCU_lab2\lab2\Core\Src\stm32f1xx_it.c
2022-10-14 09:09:10,388 [INFO] CodeEngine:245 - oldGeneratedFile, C:\Users\legolas\STM32CubeIDE\workspace_1.7.0\MCU\MCU_lab2\lab2\Core\Inc\stm32f1xx_it.h_save
2022-10-14 09:09:10,472 [INFO] CodeEngine:269 - Generated code: C:\Users\legolas\STM32CubeIDE\workspace_1.7.0\MCU\MCU_lab2\lab2\Core\Inc\stm32f1xx_it.h
2022-10-14 09:09:10,528 [INFO] CodeEngine:245 - oldGeneratedFile, C:\Users\legolas\STM32CubeIDE\workspace_1.7.0\MCU\MCU_lab2\lab2\Core\Src\stm32f1xx_hal_msp.c_save
2022-10-14 09:09:10,658 [INFO] CodeEngine:269 - Generated code: C:\Users\legolas\STM32CubeIDE\workspace_1.7.0\MCU\MCU_lab2\lab2\Core\Src\stm32f1xx_hal_msp.c
2022-10-14 09:09:10,664 [INFO] CodeEngine:245 - oldGeneratedFile, C:\Users\legolas\STM32CubeIDE\workspace_1.7.0\MCU\MCU_lab2\lab2\MXTmpFiles\system.tmp_save
2022-10-14 09:09:10,763 [INFO] CodeEngine:269 - Generated code: C:\Users\legolas\STM32CubeIDE\workspace_1.7.0\MCU\MCU_lab2\lab2\MXTmpFiles\system.tmp
2022-10-14 09:09:10,789 [INFO] CodeEngine:245 - oldGeneratedFile, C:\Users\legolas\STM32CubeIDE\workspace_1.7.0\MCU\MCU_lab2\lab2\Core\Inc\stm32f1xx_hal_conf.h_save
2022-10-14 09:09:10,898 [INFO] CodeEngine:269 - Generated code: C:\Users\legolas\STM32CubeIDE\workspace_1.7.0\MCU\MCU_lab2\lab2\Core\Inc\stm32f1xx_hal_conf.h
2022-10-14 09:09:10,919 [WARN] IPConfigManager:3348 - IP not found : TIM
2022-10-14 09:09:10,920 [WARN] CodeGenerator:3567 - IP not found : null
2022-10-14 09:09:10,946 [INFO] CodeEngine:245 - oldGeneratedFile, C:\Users\legolas\STM32CubeIDE\workspace_1.7.0\MCU\MCU_lab2\lab2\Core\Inc\main.h_save
2022-10-14 09:09:11,066 [INFO] CodeEngine:269 - Generated code: C:\Users\legolas\STM32CubeIDE\workspace_1.7.0\MCU\MCU_lab2\lab2\Core\Inc\main.h
2022-10-14 09:09:11,091 [INFO] CodeEngine:245 - oldGeneratedFile, C:\Users\legolas\STM32CubeIDE\workspace_1.7.0\MCU\MCU_lab2\lab2\Core\Src\main.c_save
2022-10-14 09:09:11,240 [INFO] CodeEngine:269 - Generated code: C:\Users\legolas\STM32CubeIDE\workspace_1.7.0\MCU\MCU_lab2\lab2\Core\Src\main.c
2022-10-14 09:09:11,926 [INFO] ProjectBuilder:2919 - Time for Copy HAL[1] : 267mS.
2022-10-14 09:09:11,929 [INFO] ProjectBuilder:4117 - Project Generator version: 3.17.1
2022-10-14 09:09:12,687 [INFO] ConfigFileManager:1394 - The Die is : DIE412
2022-10-14 09:09:14,375 [INFO] ProjectBuilder:4285 - Time for Generating toolchain IDE Files: 2446mS.
2022-10-14 09:09:14,376 [INFO] ProjectBuilder:2790 - Time for Copy CMSIS : 0mS.
2022-10-14 09:09:14,381 [INFO] ProjectBuilder:2790 - Time for Copy CMSIS : 0mS.
